{
  "RSpec": {
    "coverage": {
      "/Users/felixdb/Projects/TechTests/game_of_life/spec/game_spec.rb": [
        1,
        null,
        1,
        2,
        3,
        5,
        53,
        5,
        null,
        1,
        1,
        null,
        null,
        1,
        1,
        1,
        2,
        null,
        null,
        1,
        1,
        1,
        null,
        null,
        1,
        1,
        null,
        null,
        1,
        1,
        null,
        null,
        null
      ],
      "/Users/felixdb/Projects/TechTests/game_of_life/lib/game.rb": [
        1,
        null,
        1,
        1,
        null,
        1,
        4,
        null,
        null,
        1,
        1,
        null,
        null,
        1,
        1,
        1,
        null,
        null,
        1,
        1,
        1,
        null,
        null
      ],
      "/Users/felixdb/Projects/TechTests/game_of_life/lib/grid.rb": [
        1,
        null,
        1,
        1,
        1,
        2,
        2,
        null,
        null,
        1,
        1,
        1,
        1,
        1,
        1,
        null,
        null,
        1,
        null,
        1,
        0,
        null,
        null,
        1,
        4,
        null,
        null
      ],
      "/Users/felixdb/Projects/TechTests/game_of_life/lib/tile.rb": [
        null,
        1,
        1,
        1,
        2,
        null,
        null,
        1,
        1,
        null,
        null
      ],
      "/Users/felixdb/Projects/TechTests/game_of_life/spec/grid_spec.rb": [
        1,
        null,
        1,
        2,
        3,
        3,
        3,
        null,
        null,
        null,
        null,
        null,
        null,
        1,
        2,
        2,
        2,
        null,
        null,
        1,
        1,
        null,
        null,
        1,
        1,
        1,
        null,
        null,
        null
      ],
      "/Users/felixdb/Projects/TechTests/game_of_life/spec/tile_spec.rb": [
        1,
        null,
        1,
        3,
        1,
        1,
        null,
        1,
        1,
        1,
        null,
        null
      ]
    },
    "timestamp": 1544116498
  }
}
